<?xml version="1.0" encoding="UTF-8"?>
<testng-results skipped="0" failed="0" total="1" passed="1">
  <reporter-output>
  </reporter-output>
  <suite name="Default suite" duration-ms="13533" started-at="2015-09-23T02:15:16Z" finished-at="2015-09-23T02:15:29Z">
    <groups>
    </groups>
    <test name="Default test" duration-ms="13533" started-at="2015-09-23T02:15:16Z" finished-at="2015-09-23T02:15:29Z">
      <class name="KeywordDD.GmailLoginUsingReflection">
        <test-method status="PASS" signature="LoginTest()[pri:0, instance:KeywordDD.GmailLoginUsingReflection@753cafa3]" name="LoginTest" duration-ms="13507" started-at="2015-09-23T07:45:16Z" finished-at="2015-09-23T07:45:29Z">
          <reporter-output>
          </reporter-output>
        </test-method> <!-- LoginTest -->
      </class> <!-- KeywordDD.GmailLoginUsingReflection -->
    </test> <!-- Default test -->
  </suite> <!-- Default suite -->
</testng-results>
